-------------------------------------------------------------------------------
Test set: pt.webdetails.cda.tests.RoundtripSuiteIT
-------------------------------------------------------------------------------
Tests run: 19, Failures: 0, Errors: 19, Skipped: 0, Time elapsed: 0.094 sec <<< FAILURE! - in pt.webdetails.cda.tests.RoundtripSuiteIT
testDiscovery(pt.webdetails.cda.tests.RoundtripSuiteIT)  Time elapsed: 0.001 sec  <<< ERROR!
java.lang.NoClassDefFoundError: org/springframework/context/ConfigurableApplicationContext
	at java.net.URLClassLoader.findClass(URLClassLoader.java:381)
	at java.lang.ClassLoader.loadClass(ClassLoader.java:424)
	at sun.misc.Launcher$AppClassLoader.loadClass(Launcher.java:331)
	at java.lang.ClassLoader.loadClass(ClassLoader.java:357)
	at pt.webdetails.cda.tests.utils.CdaTestEnvironment.<init>(CdaTestEnvironment.java:26)
	at pt.webdetails.cda.tests.RoundtripSuiteIT.setUp(RoundtripSuiteIT.java:61)

testJoin(pt.webdetails.cda.tests.RoundtripSuiteIT)  Time elapsed: 0.001 sec  <<< ERROR!
java.lang.NoClassDefFoundError: org/springframework/context/ConfigurableApplicationContext
	at java.net.URLClassLoader.findClass(URLClassLoader.java:381)
	at java.lang.ClassLoader.loadClass(ClassLoader.java:424)
	at sun.misc.Launcher$AppClassLoader.loadClass(Launcher.java:331)
	at java.lang.ClassLoader.loadClass(ClassLoader.java:357)
	at pt.webdetails.cda.tests.utils.CdaTestEnvironment.<init>(CdaTestEnvironment.java:26)
	at pt.webdetails.cda.tests.RoundtripSuiteIT.setUp(RoundtripSuiteIT.java:61)

testIterable(pt.webdetails.cda.tests.RoundtripSuiteIT)  Time elapsed: 0.001 sec  <<< ERROR!
java.lang.NoClassDefFoundError: org/springframework/context/ConfigurableApplicationContext
	at java.net.URLClassLoader.findClass(URLClassLoader.java:381)
	at java.lang.ClassLoader.loadClass(ClassLoader.java:424)
	at sun.misc.Launcher$AppClassLoader.loadClass(Launcher.java:331)
	at java.lang.ClassLoader.loadClass(ClassLoader.java:357)
	at pt.webdetails.cda.tests.utils.CdaTestEnvironment.<init>(CdaTestEnvironment.java:26)
	at pt.webdetails.cda.tests.RoundtripSuiteIT.setUp(RoundtripSuiteIT.java:61)

testKettle(pt.webdetails.cda.tests.RoundtripSuiteIT)  Time elapsed: 0.01 sec  <<< ERROR!
java.lang.NoClassDefFoundError: org/springframework/context/ConfigurableApplicationContext
	at java.net.URLClassLoader.findClass(URLClassLoader.java:381)
	at java.lang.ClassLoader.loadClass(ClassLoader.java:424)
	at sun.misc.Launcher$AppClassLoader.loadClass(Launcher.java:331)
	at java.lang.ClassLoader.loadClass(ClassLoader.java:357)
	at pt.webdetails.cda.tests.utils.CdaTestEnvironment.<init>(CdaTestEnvironment.java:26)
	at pt.webdetails.cda.tests.RoundtripSuiteIT.setUp(RoundtripSuiteIT.java:61)

testMdxStringArray(pt.webdetails.cda.tests.RoundtripSuiteIT)  Time elapsed: 0.001 sec  <<< ERROR!
java.lang.NoClassDefFoundError: org/springframework/context/ConfigurableApplicationContext
	at java.net.URLClassLoader.findClass(URLClassLoader.java:381)
	at java.lang.ClassLoader.loadClass(ClassLoader.java:424)
	at sun.misc.Launcher$AppClassLoader.loadClass(Launcher.java:331)
	at java.lang.ClassLoader.loadClass(ClassLoader.java:357)
	at pt.webdetails.cda.tests.utils.CdaTestEnvironment.<init>(CdaTestEnvironment.java:26)
	at pt.webdetails.cda.tests.RoundtripSuiteIT.setUp(RoundtripSuiteIT.java:61)

testMondrianCompact(pt.webdetails.cda.tests.RoundtripSuiteIT)  Time elapsed: 0.002 sec  <<< ERROR!
java.lang.NoClassDefFoundError: org/springframework/context/ConfigurableApplicationContext
	at java.net.URLClassLoader.findClass(URLClassLoader.java:381)
	at java.lang.ClassLoader.loadClass(ClassLoader.java:424)
	at sun.misc.Launcher$AppClassLoader.loadClass(Launcher.java:331)
	at java.lang.ClassLoader.loadClass(ClassLoader.java:357)
	at pt.webdetails.cda.tests.utils.CdaTestEnvironment.<init>(CdaTestEnvironment.java:26)
	at pt.webdetails.cda.tests.RoundtripSuiteIT.setUp(RoundtripSuiteIT.java:61)

testMetadata(pt.webdetails.cda.tests.RoundtripSuiteIT)  Time elapsed: 0.001 sec  <<< ERROR!
java.lang.NoClassDefFoundError: org/springframework/context/ConfigurableApplicationContext
	at java.net.URLClassLoader.findClass(URLClassLoader.java:381)
	at java.lang.ClassLoader.loadClass(ClassLoader.java:424)
	at sun.misc.Launcher$AppClassLoader.loadClass(Launcher.java:331)
	at java.lang.ClassLoader.loadClass(ClassLoader.java:357)
	at pt.webdetails.cda.tests.utils.CdaTestEnvironment.<init>(CdaTestEnvironment.java:26)
	at pt.webdetails.cda.tests.RoundtripSuiteIT.setUp(RoundtripSuiteIT.java:61)

testMondrianJndi(pt.webdetails.cda.tests.RoundtripSuiteIT)  Time elapsed: 0.001 sec  <<< ERROR!
java.lang.NoClassDefFoundError: org/springframework/context/ConfigurableApplicationContext
	at java.net.URLClassLoader.findClass(URLClassLoader.java:381)
	at java.lang.ClassLoader.loadClass(ClassLoader.java:424)
	at sun.misc.Launcher$AppClassLoader.loadClass(Launcher.java:331)
	at java.lang.ClassLoader.loadClass(ClassLoader.java:357)
	at pt.webdetails.cda.tests.utils.CdaTestEnvironment.<init>(CdaTestEnvironment.java:26)
	at pt.webdetails.cda.tests.RoundtripSuiteIT.setUp(RoundtripSuiteIT.java:61)

testMondrian(pt.webdetails.cda.tests.RoundtripSuiteIT)  Time elapsed: 0.001 sec  <<< ERROR!
java.lang.NoClassDefFoundError: org/springframework/context/ConfigurableApplicationContext
	at java.net.URLClassLoader.findClass(URLClassLoader.java:381)
	at java.lang.ClassLoader.loadClass(ClassLoader.java:424)
	at sun.misc.Launcher$AppClassLoader.loadClass(Launcher.java:331)
	at java.lang.ClassLoader.loadClass(ClassLoader.java:357)
	at pt.webdetails.cda.tests.utils.CdaTestEnvironment.<init>(CdaTestEnvironment.java:26)
	at pt.webdetails.cda.tests.RoundtripSuiteIT.setUp(RoundtripSuiteIT.java:61)

testOlap4j(pt.webdetails.cda.tests.RoundtripSuiteIT)  Time elapsed: 0.001 sec  <<< ERROR!
java.lang.NoClassDefFoundError: org/springframework/context/ConfigurableApplicationContext
	at java.net.URLClassLoader.findClass(URLClassLoader.java:381)
	at java.lang.ClassLoader.loadClass(ClassLoader.java:424)
	at sun.misc.Launcher$AppClassLoader.loadClass(Launcher.java:331)
	at java.lang.ClassLoader.loadClass(ClassLoader.java:357)
	at pt.webdetails.cda.tests.utils.CdaTestEnvironment.<init>(CdaTestEnvironment.java:26)
	at pt.webdetails.cda.tests.RoundtripSuiteIT.setUp(RoundtripSuiteIT.java:61)

testOutput(pt.webdetails.cda.tests.RoundtripSuiteIT)  Time elapsed: 0.002 sec  <<< ERROR!
java.lang.NoClassDefFoundError: org/springframework/context/ConfigurableApplicationContext
	at java.net.URLClassLoader.findClass(URLClassLoader.java:381)
	at java.lang.ClassLoader.loadClass(ClassLoader.java:424)
	at sun.misc.Launcher$AppClassLoader.loadClass(Launcher.java:331)
	at java.lang.ClassLoader.loadClass(ClassLoader.java:357)
	at pt.webdetails.cda.tests.utils.CdaTestEnvironment.<init>(CdaTestEnvironment.java:26)
	at pt.webdetails.cda.tests.RoundtripSuiteIT.setUp(RoundtripSuiteIT.java:61)

testReflection(pt.webdetails.cda.tests.RoundtripSuiteIT)  Time elapsed: 0.005 sec  <<< ERROR!
java.lang.NoClassDefFoundError: org/springframework/context/ConfigurableApplicationContext
	at java.net.URLClassLoader.findClass(URLClassLoader.java:381)
	at java.lang.ClassLoader.loadClass(ClassLoader.java:424)
	at sun.misc.Launcher$AppClassLoader.loadClass(Launcher.java:331)
	at java.lang.ClassLoader.loadClass(ClassLoader.java:357)
	at pt.webdetails.cda.tests.utils.CdaTestEnvironment.<init>(CdaTestEnvironment.java:26)
	at pt.webdetails.cda.tests.RoundtripSuiteIT.setUp(RoundtripSuiteIT.java:61)

testScripting(pt.webdetails.cda.tests.RoundtripSuiteIT)  Time elapsed: 0.002 sec  <<< ERROR!
java.lang.NoClassDefFoundError: org/springframework/context/ConfigurableApplicationContext
	at java.net.URLClassLoader.findClass(URLClassLoader.java:381)
	at java.lang.ClassLoader.loadClass(ClassLoader.java:424)
	at sun.misc.Launcher$AppClassLoader.loadClass(Launcher.java:331)
	at java.lang.ClassLoader.loadClass(ClassLoader.java:357)
	at pt.webdetails.cda.tests.utils.CdaTestEnvironment.<init>(CdaTestEnvironment.java:26)
	at pt.webdetails.cda.tests.RoundtripSuiteIT.setUp(RoundtripSuiteIT.java:61)

testSecurityParam(pt.webdetails.cda.tests.RoundtripSuiteIT)  Time elapsed: 0.002 sec  <<< ERROR!
java.lang.NoClassDefFoundError: org/springframework/context/ConfigurableApplicationContext
	at java.net.URLClassLoader.findClass(URLClassLoader.java:381)
	at java.lang.ClassLoader.loadClass(ClassLoader.java:424)
	at sun.misc.Launcher$AppClassLoader.loadClass(Launcher.java:331)
	at java.lang.ClassLoader.loadClass(ClassLoader.java:357)
	at pt.webdetails.cda.tests.utils.CdaTestEnvironment.<init>(CdaTestEnvironment.java:26)
	at pt.webdetails.cda.tests.RoundtripSuiteIT.setUp(RoundtripSuiteIT.java:61)

testSqlFormula(pt.webdetails.cda.tests.RoundtripSuiteIT)  Time elapsed: 0.002 sec  <<< ERROR!
java.lang.NoClassDefFoundError: org/springframework/context/ConfigurableApplicationContext
	at java.net.URLClassLoader.findClass(URLClassLoader.java:381)
	at java.lang.ClassLoader.loadClass(ClassLoader.java:424)
	at sun.misc.Launcher$AppClassLoader.loadClass(Launcher.java:331)
	at java.lang.ClassLoader.loadClass(ClassLoader.java:357)
	at pt.webdetails.cda.tests.utils.CdaTestEnvironment.<init>(CdaTestEnvironment.java:26)
	at pt.webdetails.cda.tests.RoundtripSuiteIT.setUp(RoundtripSuiteIT.java:61)

testSqlList(pt.webdetails.cda.tests.RoundtripSuiteIT)  Time elapsed: 0.001 sec  <<< ERROR!
java.lang.NoClassDefFoundError: org/springframework/context/ConfigurableApplicationContext
	at java.net.URLClassLoader.findClass(URLClassLoader.java:381)
	at java.lang.ClassLoader.loadClass(ClassLoader.java:424)
	at sun.misc.Launcher$AppClassLoader.loadClass(Launcher.java:331)
	at java.lang.ClassLoader.loadClass(ClassLoader.java:357)
	at pt.webdetails.cda.tests.utils.CdaTestEnvironment.<init>(CdaTestEnvironment.java:26)
	at pt.webdetails.cda.tests.RoundtripSuiteIT.setUp(RoundtripSuiteIT.java:61)

testSql(pt.webdetails.cda.tests.RoundtripSuiteIT)  Time elapsed: 0.002 sec  <<< ERROR!
java.lang.NoClassDefFoundError: org/springframework/context/ConfigurableApplicationContext
	at java.net.URLClassLoader.findClass(URLClassLoader.java:381)
	at java.lang.ClassLoader.loadClass(ClassLoader.java:424)
	at sun.misc.Launcher$AppClassLoader.loadClass(Launcher.java:331)
	at java.lang.ClassLoader.loadClass(ClassLoader.java:357)
	at pt.webdetails.cda.tests.utils.CdaTestEnvironment.<init>(CdaTestEnvironment.java:26)
	at pt.webdetails.cda.tests.RoundtripSuiteIT.setUp(RoundtripSuiteIT.java:61)

testUnion(pt.webdetails.cda.tests.RoundtripSuiteIT)  Time elapsed: 0.001 sec  <<< ERROR!
java.lang.NoClassDefFoundError: org/springframework/context/ConfigurableApplicationContext
	at java.net.URLClassLoader.findClass(URLClassLoader.java:381)
	at java.lang.ClassLoader.loadClass(ClassLoader.java:424)
	at sun.misc.Launcher$AppClassLoader.loadClass(Launcher.java:331)
	at java.lang.ClassLoader.loadClass(ClassLoader.java:357)
	at pt.webdetails.cda.tests.utils.CdaTestEnvironment.<init>(CdaTestEnvironment.java:26)
	at pt.webdetails.cda.tests.RoundtripSuiteIT.setUp(RoundtripSuiteIT.java:61)

testXpath(pt.webdetails.cda.tests.RoundtripSuiteIT)  Time elapsed: 0.001 sec  <<< ERROR!
java.lang.NoClassDefFoundError: org/springframework/context/ConfigurableApplicationContext
	at java.net.URLClassLoader.findClass(URLClassLoader.java:381)
	at java.lang.ClassLoader.loadClass(ClassLoader.java:424)
	at sun.misc.Launcher$AppClassLoader.loadClass(Launcher.java:331)
	at java.lang.ClassLoader.loadClass(ClassLoader.java:357)
	at pt.webdetails.cda.tests.utils.CdaTestEnvironment.<init>(CdaTestEnvironment.java:26)
	at pt.webdetails.cda.tests.RoundtripSuiteIT.setUp(RoundtripSuiteIT.java:61)

