-------------------------------------------------------------------------------
Test set: pt.webdetails.cda.tests.XPathIT
-------------------------------------------------------------------------------
Tests run: 1, Failures: 0, Errors: 1, Skipped: 0, Time elapsed: 0.002 sec <<< FAILURE! - in pt.webdetails.cda.tests.XPathIT
testSqlQuery(pt.webdetails.cda.tests.XPathIT)  Time elapsed: 0.002 sec  <<< ERROR!
java.lang.NoClassDefFoundError: org/springframework/context/ConfigurableApplicationContext
	at java.net.URLClassLoader.findClass(URLClassLoader.java:381)
	at java.lang.ClassLoader.loadClass(ClassLoader.java:424)
	at sun.misc.Launcher$AppClassLoader.loadClass(Launcher.java:331)
	at java.lang.ClassLoader.loadClass(ClassLoader.java:357)
	at pt.webdetails.cda.tests.utils.CdaTestEnvironment.<init>(CdaTestEnvironment.java:26)
	at pt.webdetails.cda.tests.utils.CdaTestCase.setUp(CdaTestCase.java:67)
	at pt.webdetails.cda.tests.XPathIT.setUp(XPathIT.java:41)

