-------------------------------------------------------------------------------
Test set: pt.webdetails.cda.tests.CacheKeysIT
-------------------------------------------------------------------------------
Tests run: 1, Failures: 0, Errors: 1, Skipped: 0, Time elapsed: 2.124 sec <<< FAILURE! - in pt.webdetails.cda.tests.CacheKeysIT
testUserAndSystemDefinedCacheKeys(pt.webdetails.cda.tests.CacheKeysIT)  Time elapsed: 0.075 sec  <<< ERROR!
java.lang.NoClassDefFoundError: org/springframework/context/ConfigurableApplicationContext
	at java.net.URLClassLoader.findClass(URLClassLoader.java:381)
	at java.lang.ClassLoader.loadClass(ClassLoader.java:424)
	at sun.misc.Launcher$AppClassLoader.loadClass(Launcher.java:331)
	at java.lang.ClassLoader.loadClass(ClassLoader.java:357)
	at pt.webdetails.cda.tests.utils.CdaTestEnvironment.<init>(CdaTestEnvironment.java:26)
	at pt.webdetails.cda.tests.utils.CdaTestCase.setUp(CdaTestCase.java:67)
	at pt.webdetails.cda.tests.CacheKeysIT.setUp(CacheKeysIT.java:49)

